2020-08-12 10:52:48.774 [main] INFO  com.course.Application - Starting Application on NowLoadingdeMBP.mshome.net with PID 3870 (/Users/ksy/Desktop/AutoTest/Chapter13/target/classes started by ksy in /Users/ksy/Desktop/AutoTest)
2020-08-12 10:52:48.777 [main] INFO  com.course.Application - No active profile set, falling back to default profiles: default
2020-08-12 10:52:48.832 [main] INFO  o.s.boot.context.embedded.AnnotationConfigEmbeddedWebApplicationContext - Refreshing org.springframework.boot.context.embedded.AnnotationConfigEmbeddedWebApplicationContext@692f203f: startup date [Wed Aug 12 10:52:48 CST 2020]; root of context hierarchy
2020-08-12 10:52:49.866 [main] WARN  org.mybatis.spring.mapper.ClassPathMapperScanner - No MyBatis mapper was found in '[com.course]' package. Please check your configuration.
2020-08-12 10:52:50.258 [main] INFO  o.s.context.support.PostProcessorRegistrationDelegate$BeanPostProcessorChecker - Bean 'org.springframework.transaction.annotation.ProxyTransactionManagementConfiguration' of type [org.springframework.transaction.annotation.ProxyTransactionManagementConfiguration$$EnhancerBySpringCGLIB$$54842cf] is not eligible for getting processed by all BeanPostProcessors (for example: not eligible for auto-proxying)
2020-08-12 10:52:50.539 [main] INFO  org.springframework.boot.context.embedded.tomcat.TomcatEmbeddedServletContainer - Tomcat initialized with port(s): 8888 (http)
2020-08-12 10:52:50.550 [main] INFO  org.apache.catalina.core.StandardService - Starting service Tomcat
2020-08-12 10:52:50.551 [main] INFO  org.apache.catalina.core.StandardEngine - Starting Servlet Engine: Apache Tomcat/8.5.14
2020-08-12 10:52:50.641 [localhost-startStop-1] INFO  org.apache.catalina.core.ContainerBase.[Tomcat].[localhost].[/] - Initializing Spring embedded WebApplicationContext
2020-08-12 10:52:50.641 [localhost-startStop-1] INFO  org.springframework.web.context.ContextLoader - Root WebApplicationContext: initialization completed in 1809 ms
2020-08-12 10:52:50.867 [localhost-startStop-1] INFO  org.springframework.boot.web.servlet.ServletRegistrationBean - Mapping servlet: 'dispatcherServlet' to [/]
2020-08-12 10:52:50.869 [localhost-startStop-1] INFO  org.springframework.boot.web.servlet.ServletRegistrationBean - Mapping servlet: 'statViewServlet' to [/druid/*]
2020-08-12 10:52:50.871 [localhost-startStop-1] INFO  org.springframework.boot.web.servlet.FilterRegistrationBean - Mapping filter: 'characterEncodingFilter' to: [/*]
2020-08-12 10:52:50.872 [localhost-startStop-1] INFO  org.springframework.boot.web.servlet.FilterRegistrationBean - Mapping filter: 'hiddenHttpMethodFilter' to: [/*]
2020-08-12 10:52:50.872 [localhost-startStop-1] INFO  org.springframework.boot.web.servlet.FilterRegistrationBean - Mapping filter: 'httpPutFormContentFilter' to: [/*]
2020-08-12 10:52:50.872 [localhost-startStop-1] INFO  org.springframework.boot.web.servlet.FilterRegistrationBean - Mapping filter: 'requestContextFilter' to: [/*]
2020-08-12 10:52:50.872 [localhost-startStop-1] INFO  org.springframework.boot.web.servlet.FilterRegistrationBean - Mapping filter: 'webStatFilter' to urls: [/*]
2020-08-12 10:52:50.947 [main] INFO  com.alibaba.druid.spring.boot.autoconfigure.DruidDataSourceAutoConfigure - Init DruidDataSource
2020-08-12 10:52:51.393 [main] WARN  com.alibaba.druid.pool.DruidAbstractDataSource - oracle.jdbc.driver.OracleDriver is deprecated.Having use oracle.jdbc.OracleDriver.
2020-08-12 10:52:51.427 [main] INFO  com.alibaba.druid.pool.DruidDataSource - {dataSource-1} inited
2020-08-12 10:52:52.039 [main] INFO  o.springframework.web.servlet.mvc.method.annotation.RequestMappingHandlerMapping - Mapped "{[/v1/getUserInfo]}" onto public java.util.List<com.course.model.Users> com.course.controller.UserManager.getUserInfo(org.apache.catalina.servlet4preview.http.HttpServletRequest,com.course.model.Users)
2020-08-12 10:52:52.042 [main] INFO  o.springframework.web.servlet.mvc.method.annotation.RequestMappingHandlerMapping - Mapped "{[/v1/addUser],methods=[POST]}" onto public boolean com.course.controller.UserManager.addUser(org.apache.catalina.servlet4preview.http.HttpServletRequest,com.course.model.Users)
2020-08-12 10:52:52.042 [main] INFO  o.springframework.web.servlet.mvc.method.annotation.RequestMappingHandlerMapping - Mapped "{[/v1/login],methods=[POST]}" onto public boolean com.course.controller.UserManager.login(javax.servlet.http.HttpServletResponse,com.course.model.Users)
2020-08-12 10:52:52.043 [main] INFO  o.springframework.web.servlet.mvc.method.annotation.RequestMappingHandlerMapping - Mapped "{[/v1/updateUserInfo],methods=[POST]}" onto public int com.course.controller.UserManager.updateUser(org.apache.catalina.servlet4preview.http.HttpServletRequest,com.course.model.Users)
2020-08-12 10:52:52.044 [main] INFO  o.springframework.web.servlet.mvc.method.annotation.RequestMappingHandlerMapping - Mapped "{[/v2/api-docs],methods=[GET],produces=[application/json || application/hal+json]}" onto public org.springframework.http.ResponseEntity<springfox.documentation.spring.web.json.Json> springfox.documentation.swagger2.web.Swagger2Controller.getDocumentation(java.lang.String,javax.servlet.http.HttpServletRequest)
2020-08-12 10:52:52.047 [main] INFO  o.springframework.web.servlet.mvc.method.annotation.RequestMappingHandlerMapping - Mapped "{[/swagger-resources/configuration/ui]}" onto org.springframework.http.ResponseEntity<springfox.documentation.swagger.web.UiConfiguration> springfox.documentation.swagger.web.ApiResourceController.uiConfiguration()
2020-08-12 10:52:52.049 [main] INFO  o.springframework.web.servlet.mvc.method.annotation.RequestMappingHandlerMapping - Mapped "{[/swagger-resources/configuration/security]}" onto org.springframework.http.ResponseEntity<springfox.documentation.swagger.web.SecurityConfiguration> springfox.documentation.swagger.web.ApiResourceController.securityConfiguration()
2020-08-12 10:52:52.050 [main] INFO  o.springframework.web.servlet.mvc.method.annotation.RequestMappingHandlerMapping - Mapped "{[/swagger-resources]}" onto org.springframework.http.ResponseEntity<java.util.List<springfox.documentation.swagger.web.SwaggerResource>> springfox.documentation.swagger.web.ApiResourceController.swaggerResources()
2020-08-12 10:52:52.053 [main] INFO  o.springframework.web.servlet.mvc.method.annotation.RequestMappingHandlerMapping - Mapped "{[/error]}" onto public org.springframework.http.ResponseEntity<java.util.Map<java.lang.String, java.lang.Object>> org.springframework.boot.autoconfigure.web.BasicErrorController.error(javax.servlet.http.HttpServletRequest)
2020-08-12 10:52:52.054 [main] INFO  o.springframework.web.servlet.mvc.method.annotation.RequestMappingHandlerMapping - Mapped "{[/error],produces=[text/html]}" onto public org.springframework.web.servlet.ModelAndView org.springframework.boot.autoconfigure.web.BasicErrorController.errorHtml(javax.servlet.http.HttpServletRequest,javax.servlet.http.HttpServletResponse)
2020-08-12 10:52:52.226 [main] INFO  o.springframework.web.servlet.mvc.method.annotation.RequestMappingHandlerAdapter - Looking for @ControllerAdvice: org.springframework.boot.context.embedded.AnnotationConfigEmbeddedWebApplicationContext@692f203f: startup date [Wed Aug 12 10:52:48 CST 2020]; root of context hierarchy
2020-08-12 10:52:52.334 [main] INFO  org.springframework.web.servlet.handler.SimpleUrlHandlerMapping - Mapped URL path [/webjars/**] onto handler of type [class org.springframework.web.servlet.resource.ResourceHttpRequestHandler]
2020-08-12 10:52:52.335 [main] INFO  org.springframework.web.servlet.handler.SimpleUrlHandlerMapping - Mapped URL path [/**] onto handler of type [class org.springframework.web.servlet.resource.ResourceHttpRequestHandler]
2020-08-12 10:52:52.399 [main] INFO  org.springframework.web.servlet.handler.SimpleUrlHandlerMapping - Mapped URL path [/**/favicon.ico] onto handler of type [class org.springframework.web.servlet.resource.ResourceHttpRequestHandler]
2020-08-12 10:52:53.104 [main] INFO  org.springframework.jmx.export.annotation.AnnotationMBeanExporter - Registering beans for JMX exposure on startup
2020-08-12 10:52:53.111 [main] INFO  org.springframework.jmx.export.annotation.AnnotationMBeanExporter - Bean with name 'statFilter' has been autodetected for JMX exposure
2020-08-12 10:52:53.112 [main] INFO  org.springframework.jmx.export.annotation.AnnotationMBeanExporter - Bean with name 'dataSource' has been autodetected for JMX exposure
2020-08-12 10:52:53.270 [main] INFO  org.springframework.jmx.export.annotation.AnnotationMBeanExporter - Located MBean 'dataSource': registering with JMX server as MBean [com.alibaba.druid.spring.boot.autoconfigure:name=dataSource,type=DruidDataSourceWrapper]
2020-08-12 10:52:53.272 [main] INFO  org.springframework.jmx.export.annotation.AnnotationMBeanExporter - Located MBean 'statFilter': registering with JMX server as MBean [com.alibaba.druid.filter.stat:name=statFilter,type=StatFilter]
2020-08-12 10:52:53.280 [main] INFO  org.springframework.context.support.DefaultLifecycleProcessor - Starting beans in phase 2147483647
2020-08-12 10:52:53.280 [main] INFO  springfox.documentation.spring.web.plugins.DocumentationPluginsBootstrapper - Context refreshed
2020-08-12 10:52:53.299 [main] INFO  springfox.documentation.spring.web.plugins.DocumentationPluginsBootstrapper - Found 1 custom documentation plugin(s)
2020-08-12 10:52:53.314 [main] INFO  springfox.documentation.spring.web.scanners.ApiListingReferenceScanner - Scanning for api listing references
2020-08-12 10:52:53.781 [main] INFO  s.documentation.spring.web.readers.operation.CachingOperationNameGenerator - Generating unique operation named: getUserInfoUsingPOST_1
2020-08-12 10:52:53.785 [main] INFO  s.documentation.spring.web.readers.operation.CachingOperationNameGenerator - Generating unique operation named: getUserInfoUsingPOST_2
2020-08-12 10:52:53.793 [main] INFO  s.documentation.spring.web.readers.operation.CachingOperationNameGenerator - Generating unique operation named: getUserInfoUsingPOST_3
2020-08-12 10:52:53.797 [main] INFO  s.documentation.spring.web.readers.operation.CachingOperationNameGenerator - Generating unique operation named: getUserInfoUsingPOST_4
2020-08-12 10:52:53.801 [main] INFO  s.documentation.spring.web.readers.operation.CachingOperationNameGenerator - Generating unique operation named: getUserInfoUsingPOST_5
2020-08-12 10:52:53.807 [main] INFO  s.documentation.spring.web.readers.operation.CachingOperationNameGenerator - Generating unique operation named: getUserInfoUsingPOST_6
2020-08-12 10:52:53.811 [main] INFO  s.documentation.spring.web.readers.operation.CachingOperationNameGenerator - Generating unique operation named: getUserInfoUsingPOST_7
2020-08-12 10:52:53.904 [main] INFO  org.springframework.boot.context.embedded.tomcat.TomcatEmbeddedServletContainer - Tomcat started on port(s): 8888 (http)
2020-08-12 10:52:53.911 [main] INFO  com.course.Application - Started Application in 5.46 seconds (JVM running for 6.833)
2020-08-12 10:52:59.145 [http-nio-8888-exec-1] INFO  org.apache.catalina.core.ContainerBase.[Tomcat].[localhost].[/] - Initializing Spring FrameworkServlet 'dispatcherServlet'
2020-08-12 10:52:59.145 [http-nio-8888-exec-1] INFO  org.springframework.web.servlet.DispatcherServlet - FrameworkServlet 'dispatcherServlet': initialization started
2020-08-12 10:52:59.168 [http-nio-8888-exec-1] INFO  org.springframework.web.servlet.DispatcherServlet - FrameworkServlet 'dispatcherServlet': initialization completed in 23 ms
2020-08-12 15:00:22.168 [Thread-14] INFO  o.s.boot.context.embedded.AnnotationConfigEmbeddedWebApplicationContext - Closing org.springframework.boot.context.embedded.AnnotationConfigEmbeddedWebApplicationContext@692f203f: startup date [Wed Aug 12 10:52:48 CST 2020]; root of context hierarchy
2020-08-12 15:00:22.189 [Thread-14] INFO  org.springframework.context.support.DefaultLifecycleProcessor - Stopping beans in phase 2147483647
2020-08-12 15:00:22.205 [Thread-14] INFO  org.springframework.jmx.export.annotation.AnnotationMBeanExporter - Unregistering JMX-exposed beans on shutdown
2020-08-12 15:00:22.205 [Thread-14] INFO  org.springframework.jmx.export.annotation.AnnotationMBeanExporter - Unregistering JMX-exposed beans
2020-08-12 15:00:22.219 [Thread-14] INFO  com.alibaba.druid.pool.DruidDataSource - {dataSource-1} closed
